This file contains any messages produced by compilers while
running configure, to aid debugging if configure makes a mistake.

It was created by ixpio configure 0.23.7, which was
generated by GNU Autoconf 2.69.  Invocation command line was

  $ ./configure 

## --------- ##
## Platform. ##
## --------- ##

hostname = winson-G41M-ES2L
uname -m = x86_64
uname -r = 6.8.0
uname -s = Linux
uname -v = #1 SMP PREEMPT_DYNAMIC Thu Jun 27 17:31:32 CST 2024

/usr/bin/uname -p = x86_64
/bin/uname -X     = unknown

/bin/arch              = x86_64
/usr/bin/arch -k       = unknown
/usr/convex/getsysinfo = unknown
/usr/bin/hostinfo      = unknown
/bin/machine           = unknown
/usr/bin/oslevel       = unknown
/bin/universe          = unknown

PATH: /usr/local/sbin
PATH: /usr/local/bin
PATH: /usr/sbin
PATH: /usr/bin
PATH: /sbin
PATH: /bin
PATH: /usr/games
PATH: /usr/local/games
PATH: /snap/bin


## ----------- ##
## Core tests. ##
## ----------- ##

configure:2144: checking for a BSD-compatible install
configure:2212: result: /usr/bin/install -c
configure:2223: checking whether build environment is sane
configure:2278: result: yes
configure:2427: checking for a thread-safe mkdir -p
configure:2466: result: /usr/bin/mkdir -p
configure:2473: checking for gawk
configure:2503: result: no
configure:2473: checking for mawk
configure:2489: found /usr/bin/mawk
configure:2500: result: mawk
configure:2511: checking whether make sets $(MAKE)
configure:2533: result: yes
configure:2562: checking whether make supports nested variables
configure:2579: result: yes
configure:2766: checking for gcc
configure:2782: found /usr/bin/gcc
configure:2793: result: gcc
configure:3022: checking for C compiler version
configure:3031: gcc --version >&5
gcc (Ubuntu 9.4.0-1ubuntu1~20.04.2) 9.4.0
Copyright (C) 2019 Free Software Foundation, Inc.
This is free software; see the source for copying conditions.  There is NO
warranty; not even for MERCHANTABILITY or FITNESS FOR A PARTICULAR PURPOSE.

configure:3042: $? = 0
configure:3031: gcc -v >&5
Using built-in specs.
COLLECT_GCC=gcc
COLLECT_LTO_WRAPPER=/usr/lib/gcc/x86_64-linux-gnu/9/lto-wrapper
OFFLOAD_TARGET_NAMES=nvptx-none:hsa
OFFLOAD_TARGET_DEFAULT=1
Target: x86_64-linux-gnu
Configured with: ../src/configure -v --with-pkgversion='Ubuntu 9.4.0-1ubuntu1~20.04.2' --with-bugurl=file:///usr/share/doc/gcc-9/README.Bugs --enable-languages=c,ada,c++,go,brig,d,fortran,objc,obj-c++,gm2 --prefix=/usr --with-gcc-major-version-only --program-suffix=-9 --program-prefix=x86_64-linux-gnu- --enable-shared --enable-linker-build-id --libexecdir=/usr/lib --without-included-gettext --enable-threads=posix --libdir=/usr/lib --enable-nls --enable-clocale=gnu --enable-libstdcxx-debug --enable-libstdcxx-time=yes --with-default-libstdcxx-abi=new --enable-gnu-unique-object --disable-vtable-verify --enable-plugin --enable-default-pie --with-system-zlib --with-target-system-zlib=auto --enable-objc-gc=auto --enable-multiarch --disable-werror --with-arch-32=i686 --with-abi=m64 --with-multilib-list=m32,m64,mx32 --enable-multilib --with-tune=generic --enable-offload-targets=nvptx-none=/build/gcc-9-9QDOt0/gcc-9-9.4.0/debian/tmp-nvptx/usr,hsa --without-cuda-driver --enable-checking=release --build=x86_64-linux-gnu --host=x86_64-linux-gnu --target=x86_64-linux-gnu
Thread model: posix
gcc version 9.4.0 (Ubuntu 9.4.0-1ubuntu1~20.04.2) 
configure:3042: $? = 0
configure:3031: gcc -V >&5
gcc: error: unrecognized command line option '-V'
gcc: fatal error: no input files
compilation terminated.
configure:3042: $? = 1
configure:3031: gcc -qversion >&5
gcc: error: unrecognized command line option '-qversion'; did you mean '--version'?
gcc: fatal error: no input files
compilation terminated.
configure:3042: $? = 1
configure:3062: checking whether the C compiler works
configure:3084: gcc    conftest.c  >&5
configure:3088: $? = 0
configure:3136: result: yes
configure:3139: checking for C compiler default output file name
configure:3141: result: a.out
configure:3147: checking for suffix of executables
configure:3154: gcc -o conftest    conftest.c  >&5
configure:3158: $? = 0
configure:3180: result: 
configure:3202: checking whether we are cross compiling
configure:3210: gcc -o conftest    conftest.c  >&5
configure:3214: $? = 0
configure:3221: ./conftest
configure:3225: $? = 0
configure:3213: result: no
configure:3218: checking for suffix of object files
configure:3240: gcc -c   conftest.c >&5
configure:3244: $? = 0
configure:3265: result: o
configure:3269: checking whether we are using the GNU C compiler
configure:3288: gcc -c   conftest.c >&5
configure:3288: $? = 0
configure:3297: result: yes
configure:3306: checking whether gcc accepts -g
configure:3326: gcc -c -g  conftest.c >&5
configure:3326: $? = 0
configure:3367: result: yes
configure:3384: checking for gcc option to accept ISO C89
configure:3447: gcc  -c -g -O2  conftest.c >&5
configure:3447: $? = 0
configure:3460: result: none needed
configure:3485: checking whether gcc understands -c and -o together
configure:3507: gcc -c conftest.c -o conftest2.o
configure:3510: $? = 0
configure:3507: gcc -c conftest.c -o conftest2.o
configure:3510: $? = 0
configure:3522: result: yes
configure:3542: checking whether make supports the include directive
configure:3557: make -f confmf.GNU && cat confinc.out
this is the am__doit target
configure:3560: $? = 0
configure:3579: result: yes (GNU style)
configure:3604: checking dependency style of gcc
configure:3715: result: gcc3
configure:3731: checking whether make sets $(MAKE)
configure:3753: result: yes
configure:3771: checking how to run the C preprocessor
configure:3802: gcc -E  conftest.c
configure:3802: $? = 0
configure:3816: gcc -E  conftest.c
conftest.c:11:10: fatal error: ac_nonexistent.h: No such file or directory
   11 | #include <ac_nonexistent.h>
      |          ^~~~~~~~~~~~~~~~~~
compilation terminated.
configure:3816: $? = 1
configure: failed program was:
| /* confdefs.h */
| #define PACKAGE_NAME "ixpio"
| #define PACKAGE_TARNAME "ixpio"
| #define PACKAGE_VERSION "0.23.7"
| #define PACKAGE_STRING "ixpio 0.23.7"
| #define PACKAGE_BUGREPORT ""
| #define PACKAGE_URL ""
| #define PACKAGE "ixpio"
| #define VERSION "0.23.7"
| /* end confdefs.h.  */
| #include <ac_nonexistent.h>
configure:3841: result: gcc -E
configure:3861: gcc -E  conftest.c
configure:3861: $? = 0
configure:3875: gcc -E  conftest.c
conftest.c:11:10: fatal error: ac_nonexistent.h: No such file or directory
   11 | #include <ac_nonexistent.h>
      |          ^~~~~~~~~~~~~~~~~~
compilation terminated.
configure:3875: $? = 1
configure: failed program was:
| /* confdefs.h */
| #define PACKAGE_NAME "ixpio"
| #define PACKAGE_TARNAME "ixpio"
| #define PACKAGE_VERSION "0.23.7"
| #define PACKAGE_STRING "ixpio 0.23.7"
| #define PACKAGE_BUGREPORT ""
| #define PACKAGE_URL ""
| #define PACKAGE "ixpio"
| #define VERSION "0.23.7"
| /* end confdefs.h.  */
| #include <ac_nonexistent.h>
configure:3904: checking for grep that handles long lines and -e
configure:3962: result: /usr/bin/grep
configure:3967: checking for egrep
configure:4029: result: /usr/bin/grep -E
configure:4034: checking for ANSI C header files
configure:4054: gcc -c -g -O2  conftest.c >&5
configure:4054: $? = 0
configure:4127: gcc -o conftest -g -O2   conftest.c  >&5
configure:4127: $? = 0
configure:4127: ./conftest
configure:4127: $? = 0
configure:4138: result: yes
configure:4151: checking for sys/types.h
configure:4151: gcc -c -g -O2  conftest.c >&5
configure:4151: $? = 0
configure:4151: result: yes
configure:4151: checking for sys/stat.h
configure:4151: gcc -c -g -O2  conftest.c >&5
configure:4151: $? = 0
configure:4151: result: yes
configure:4151: checking for stdlib.h
configure:4151: gcc -c -g -O2  conftest.c >&5
configure:4151: $? = 0
configure:4151: result: yes
configure:4151: checking for string.h
configure:4151: gcc -c -g -O2  conftest.c >&5
configure:4151: $? = 0
configure:4151: result: yes
configure:4151: checking for memory.h
configure:4151: gcc -c -g -O2  conftest.c >&5
configure:4151: $? = 0
configure:4151: result: yes
configure:4151: checking for strings.h
configure:4151: gcc -c -g -O2  conftest.c >&5
configure:4151: $? = 0
configure:4151: result: yes
configure:4151: checking for inttypes.h
configure:4151: gcc -c -g -O2  conftest.c >&5
configure:4151: $? = 0
configure:4151: result: yes
configure:4151: checking for stdint.h
configure:4151: gcc -c -g -O2  conftest.c >&5
configure:4151: $? = 0
configure:4151: result: yes
configure:4151: checking for unistd.h
configure:4151: gcc -c -g -O2  conftest.c >&5
configure:4151: $? = 0
configure:4151: result: yes
configure:4166: checking fcntl.h usability
configure:4166: gcc -c -g -O2  conftest.c >&5
configure:4166: $? = 0
configure:4166: result: yes
configure:4166: checking fcntl.h presence
configure:4166: gcc -E  conftest.c
configure:4166: $? = 0
configure:4166: result: yes
configure:4166: checking for fcntl.h
configure:4166: result: yes
configure:4166: checking sys/ioctl.h usability
configure:4166: gcc -c -g -O2  conftest.c >&5
configure:4166: $? = 0
configure:4166: result: yes
configure:4166: checking sys/ioctl.h presence
configure:4166: gcc -E  conftest.c
configure:4166: $? = 0
configure:4166: result: yes
configure:4166: checking for sys/ioctl.h
configure:4166: result: yes
configure:4166: checking for unistd.h
configure:4166: result: yes
configure:4177: checking for an ANSI C-conforming const
configure:4243: gcc -c -g -O2  conftest.c >&5
configure:4243: $? = 0
configure:4250: result: yes
configure:4258: checking for off_t
configure:4258: gcc -c -g -O2  conftest.c >&5
configure:4258: $? = 0
configure:4258: gcc -c -g -O2  conftest.c >&5
conftest.c: In function 'main':
conftest.c:60:20: error: expected expression before ')' token
   60 | if (sizeof ((off_t)))
      |                    ^
configure:4258: $? = 1
configure: failed program was:
| /* confdefs.h */
| #define PACKAGE_NAME "ixpio"
| #define PACKAGE_TARNAME "ixpio"
| #define PACKAGE_VERSION "0.23.7"
| #define PACKAGE_STRING "ixpio 0.23.7"
| #define PACKAGE_BUGREPORT ""
| #define PACKAGE_URL ""
| #define PACKAGE "ixpio"
| #define VERSION "0.23.7"
| #define STDC_HEADERS 1
| #define HAVE_SYS_TYPES_H 1
| #define HAVE_SYS_STAT_H 1
| #define HAVE_STDLIB_H 1
| #define HAVE_STRING_H 1
| #define HAVE_MEMORY_H 1
| #define HAVE_STRINGS_H 1
| #define HAVE_INTTYPES_H 1
| #define HAVE_STDINT_H 1
| #define HAVE_UNISTD_H 1
| #define HAVE_FCNTL_H 1
| #define HAVE_SYS_IOCTL_H 1
| #define HAVE_UNISTD_H 1
| /* end confdefs.h.  */
| #include <stdio.h>
| #ifdef HAVE_SYS_TYPES_H
| # include <sys/types.h>
| #endif
| #ifdef HAVE_SYS_STAT_H
| # include <sys/stat.h>
| #endif
| #ifdef STDC_HEADERS
| # include <stdlib.h>
| # include <stddef.h>
| #else
| # ifdef HAVE_STDLIB_H
| #  include <stdlib.h>
| # endif
| #endif
| #ifdef HAVE_STRING_H
| # if !defined STDC_HEADERS && defined HAVE_MEMORY_H
| #  include <memory.h>
| # endif
| # include <string.h>
| #endif
| #ifdef HAVE_STRINGS_H
| # include <strings.h>
| #endif
| #ifdef HAVE_INTTYPES_H
| # include <inttypes.h>
| #endif
| #ifdef HAVE_STDINT_H
| # include <stdint.h>
| #endif
| #ifdef HAVE_UNISTD_H
| # include <unistd.h>
| #endif
| int
| main ()
| {
| if (sizeof ((off_t)))
| 	    return 0;
|   ;
|   return 0;
| }
configure:4258: result: yes
configure:4269: checking for pid_t
configure:4269: gcc -c -g -O2  conftest.c >&5
configure:4269: $? = 0
configure:4269: gcc -c -g -O2  conftest.c >&5
conftest.c: In function 'main':
conftest.c:60:20: error: expected expression before ')' token
   60 | if (sizeof ((pid_t)))
      |                    ^
configure:4269: $? = 1
configure: failed program was:
| /* confdefs.h */
| #define PACKAGE_NAME "ixpio"
| #define PACKAGE_TARNAME "ixpio"
| #define PACKAGE_VERSION "0.23.7"
| #define PACKAGE_STRING "ixpio 0.23.7"
| #define PACKAGE_BUGREPORT ""
| #define PACKAGE_URL ""
| #define PACKAGE "ixpio"
| #define VERSION "0.23.7"
| #define STDC_HEADERS 1
| #define HAVE_SYS_TYPES_H 1
| #define HAVE_SYS_STAT_H 1
| #define HAVE_STDLIB_H 1
| #define HAVE_STRING_H 1
| #define HAVE_MEMORY_H 1
| #define HAVE_STRINGS_H 1
| #define HAVE_INTTYPES_H 1
| #define HAVE_STDINT_H 1
| #define HAVE_UNISTD_H 1
| #define HAVE_FCNTL_H 1
| #define HAVE_SYS_IOCTL_H 1
| #define HAVE_UNISTD_H 1
| /* end confdefs.h.  */
| #include <stdio.h>
| #ifdef HAVE_SYS_TYPES_H
| # include <sys/types.h>
| #endif
| #ifdef HAVE_SYS_STAT_H
| # include <sys/stat.h>
| #endif
| #ifdef STDC_HEADERS
| # include <stdlib.h>
| # include <stddef.h>
| #else
| # ifdef HAVE_STDLIB_H
| #  include <stdlib.h>
| # endif
| #endif
| #ifdef HAVE_STRING_H
| # if !defined STDC_HEADERS && defined HAVE_MEMORY_H
| #  include <memory.h>
| # endif
| # include <string.h>
| #endif
| #ifdef HAVE_STRINGS_H
| # include <strings.h>
| #endif
| #ifdef HAVE_INTTYPES_H
| # include <inttypes.h>
| #endif
| #ifdef HAVE_STDINT_H
| # include <stdint.h>
| #endif
| #ifdef HAVE_UNISTD_H
| # include <unistd.h>
| #endif
| int
| main ()
| {
| if (sizeof ((pid_t)))
| 	    return 0;
|   ;
|   return 0;
| }
configure:4269: result: yes
configure:4280: checking for size_t
configure:4280: gcc -c -g -O2  conftest.c >&5
configure:4280: $? = 0
configure:4280: gcc -c -g -O2  conftest.c >&5
conftest.c: In function 'main':
conftest.c:60:21: error: expected expression before ')' token
   60 | if (sizeof ((size_t)))
      |                     ^
configure:4280: $? = 1
configure: failed program was:
| /* confdefs.h */
| #define PACKAGE_NAME "ixpio"
| #define PACKAGE_TARNAME "ixpio"
| #define PACKAGE_VERSION "0.23.7"
| #define PACKAGE_STRING "ixpio 0.23.7"
| #define PACKAGE_BUGREPORT ""
| #define PACKAGE_URL ""
| #define PACKAGE "ixpio"
| #define VERSION "0.23.7"
| #define STDC_HEADERS 1
| #define HAVE_SYS_TYPES_H 1
| #define HAVE_SYS_STAT_H 1
| #define HAVE_STDLIB_H 1
| #define HAVE_STRING_H 1
| #define HAVE_MEMORY_H 1
| #define HAVE_STRINGS_H 1
| #define HAVE_INTTYPES_H 1
| #define HAVE_STDINT_H 1
| #define HAVE_UNISTD_H 1
| #define HAVE_FCNTL_H 1
| #define HAVE_SYS_IOCTL_H 1
| #define HAVE_UNISTD_H 1
| /* end confdefs.h.  */
| #include <stdio.h>
| #ifdef HAVE_SYS_TYPES_H
| # include <sys/types.h>
| #endif
| #ifdef HAVE_SYS_STAT_H
| # include <sys/stat.h>
| #endif
| #ifdef STDC_HEADERS
| # include <stdlib.h>
| # include <stddef.h>
| #else
| # ifdef HAVE_STDLIB_H
| #  include <stdlib.h>
| # endif
| #endif
| #ifdef HAVE_STRING_H
| # if !defined STDC_HEADERS && defined HAVE_MEMORY_H
| #  include <memory.h>
| # endif
| # include <string.h>
| #endif
| #ifdef HAVE_STRINGS_H
| # include <strings.h>
| #endif
| #ifdef HAVE_INTTYPES_H
| # include <inttypes.h>
| #endif
| #ifdef HAVE_STDINT_H
| # include <stdint.h>
| #endif
| #ifdef HAVE_UNISTD_H
| # include <unistd.h>
| #endif
| int
| main ()
| {
| if (sizeof ((size_t)))
| 	    return 0;
|   ;
|   return 0;
| }
configure:4280: result: yes
configure:4295: checking whether gcc needs -traditional
configure:4329: result: no
configure:4337: checking for kernel source
configure:4354: result: /lib/modules/6.8.0/build
configure:4357: checking for module directory
configure:4374: result: /lib/modules/6.8.0/misc
configure:4377: checking for compiler directory
configure:5881: checking that generated files are newer than configure
configure:5887: result: done
configure:5918: creating ./config.status

## ---------------------- ##
## Running config.status. ##
## ---------------------- ##

This file was extended by ixpio config.status 0.23.7, which was
generated by GNU Autoconf 2.69.  Invocation command line was

  CONFIG_FILES    = 
  CONFIG_HEADERS  = 
  CONFIG_LINKS    = 
  CONFIG_COMMANDS = 
  $ ./config.status 

on winson-G41M-ES2L

config.status:832: creating Makefile.conf
config.status:832: creating examples/Makefile
config.status:832: creating lib/Makefile
config.status:832: creating lib/src/Makefile
config.status:832: creating examples/pisop8r8/Makefile
config.status:832: creating examples/pisop16r16_pexp8r8_p16r16/Makefile
config.status:832: creating examples/piso813/Makefile
config.status:832: creating examples/piso725/Makefile
config.status:832: creating examples/pisop32c32/Makefile
config.status:832: creating examples/pisop32a32/Makefile
config.status:832: creating examples/piso730a/Makefile
config.status:832: creating examples/piso730/Makefile
config.status:832: creating examples/piod96/Makefile
config.status:832: creating examples/pioda16/Makefile
config.status:832: creating examples/piod24/Makefile
config.status:832: creating examples/piod48_pexd48/Makefile
config.status:832: creating examples/piod56/Makefile
config.status:832: creating examples/piod64/Makefile
config.status:832: creating examples/piod144/Makefile
config.status:832: creating examples/piod168/Makefile
config.status:832: creating examples/pisop64/Makefile
config.status:832: creating examples/pisoa64/Makefile
config.status:832: creating examples/pisoc64/Makefile
config.status:832: creating examples/pisoda2/Makefile
config.status:832: creating examples/pisops300/Makefile
config.status:832: creating examples/pisoenc300/Makefile
config.status:832: creating examples/pisoenc600/Makefile
config.status:832: creating examples/pio821/Makefile
config.status:1009: executing depfiles commands
config.status:1086: cd examples       && sed -e '/# am--include-marker/d' Makefile         | make -f - am--depfiles
make: Nothing to be done for 'am--depfiles'.
config.status:1091: $? = 0
config.status:1086: cd examples/pisop8r8       && sed -e '/# am--include-marker/d' Makefile         | make -f - am--depfiles
make: Nothing to be done for 'am--depfiles'.
config.status:1091: $? = 0
config.status:1086: cd examples/pisop16r16_pexp8r8_p16r16       && sed -e '/# am--include-marker/d' Makefile         | make -f - am--depfiles
make: Nothing to be done for 'am--depfiles'.
config.status:1091: $? = 0
config.status:1086: cd examples/piso813       && sed -e '/# am--include-marker/d' Makefile         | make -f - am--depfiles
make: Nothing to be done for 'am--depfiles'.
config.status:1091: $? = 0
config.status:1086: cd examples/piso725       && sed -e '/# am--include-marker/d' Makefile         | make -f - am--depfiles
make: Nothing to be done for 'am--depfiles'.
config.status:1091: $? = 0
config.status:1086: cd examples/pisop32c32       && sed -e '/# am--include-marker/d' Makefile         | make -f - am--depfiles
make: Nothing to be done for 'am--depfiles'.
config.status:1091: $? = 0
config.status:1086: cd examples/pisop32a32       && sed -e '/# am--include-marker/d' Makefile         | make -f - am--depfiles
make: Nothing to be done for 'am--depfiles'.
config.status:1091: $? = 0
config.status:1086: cd examples/piso730a       && sed -e '/# am--include-marker/d' Makefile         | make -f - am--depfiles
make: Nothing to be done for 'am--depfiles'.
config.status:1091: $? = 0
config.status:1086: cd examples/piso730       && sed -e '/# am--include-marker/d' Makefile         | make -f - am--depfiles
make: Nothing to be done for 'am--depfiles'.
config.status:1091: $? = 0
config.status:1086: cd examples/piod96       && sed -e '/# am--include-marker/d' Makefile         | make -f - am--depfiles
make: Nothing to be done for 'am--depfiles'.
config.status:1091: $? = 0
config.status:1086: cd examples/pioda16       && sed -e '/# am--include-marker/d' Makefile         | make -f - am--depfiles
make: Nothing to be done for 'am--depfiles'.
config.status:1091: $? = 0
config.status:1086: cd examples/piod24       && sed -e '/# am--include-marker/d' Makefile         | make -f - am--depfiles
make: Nothing to be done for 'am--depfiles'.
config.status:1091: $? = 0
config.status:1086: cd examples/piod48_pexd48       && sed -e '/# am--include-marker/d' Makefile         | make -f - am--depfiles
make: Nothing to be done for 'am--depfiles'.
config.status:1091: $? = 0
config.status:1086: cd examples/piod56       && sed -e '/# am--include-marker/d' Makefile         | make -f - am--depfiles
make: Nothing to be done for 'am--depfiles'.
config.status:1091: $? = 0
config.status:1086: cd examples/piod64       && sed -e '/# am--include-marker/d' Makefile         | make -f - am--depfiles
make: Nothing to be done for 'am--depfiles'.
config.status:1091: $? = 0
config.status:1086: cd examples/piod144       && sed -e '/# am--include-marker/d' Makefile         | make -f - am--depfiles
make: Nothing to be done for 'am--depfiles'.
config.status:1091: $? = 0
config.status:1086: cd examples/piod168       && sed -e '/# am--include-marker/d' Makefile         | make -f - am--depfiles
make: Nothing to be done for 'am--depfiles'.
config.status:1091: $? = 0
config.status:1086: cd examples/pisop64       && sed -e '/# am--include-marker/d' Makefile         | make -f - am--depfiles
make: Nothing to be done for 'am--depfiles'.
config.status:1091: $? = 0
config.status:1086: cd examples/pisoa64       && sed -e '/# am--include-marker/d' Makefile         | make -f - am--depfiles
make: Nothing to be done for 'am--depfiles'.
config.status:1091: $? = 0
config.status:1086: cd examples/pisoc64       && sed -e '/# am--include-marker/d' Makefile         | make -f - am--depfiles
make: Nothing to be done for 'am--depfiles'.
config.status:1091: $? = 0
config.status:1086: cd examples/pisoda2       && sed -e '/# am--include-marker/d' Makefile         | make -f - am--depfiles
make: Nothing to be done for 'am--depfiles'.
config.status:1091: $? = 0
config.status:1086: cd examples/pisops300       && sed -e '/# am--include-marker/d' Makefile         | make -f - am--depfiles
make: Nothing to be done for 'am--depfiles'.
config.status:1091: $? = 0
config.status:1086: cd examples/pisoenc300       && sed -e '/# am--include-marker/d' Makefile         | make -f - am--depfiles
make: Nothing to be done for 'am--depfiles'.
config.status:1091: $? = 0
config.status:1086: cd examples/pisoenc600       && sed -e '/# am--include-marker/d' Makefile         | make -f - am--depfiles
make: Nothing to be done for 'am--depfiles'.
config.status:1091: $? = 0
config.status:1086: cd examples/pio821       && sed -e '/# am--include-marker/d' Makefile         | make -f - am--depfiles
make: Nothing to be done for 'am--depfiles'.
config.status:1091: $? = 0

## ---------------- ##
## Cache variables. ##
## ---------------- ##

ac_cv_c_compiler_gnu=yes
ac_cv_c_const=yes
ac_cv_env_CC_set=
ac_cv_env_CC_value=
ac_cv_env_CFLAGS_set=
ac_cv_env_CFLAGS_value=
ac_cv_env_CPPFLAGS_set=
ac_cv_env_CPPFLAGS_value=
ac_cv_env_CPP_set=
ac_cv_env_CPP_value=
ac_cv_env_LDFLAGS_set=
ac_cv_env_LDFLAGS_value=
ac_cv_env_LIBS_set=
ac_cv_env_LIBS_value=
ac_cv_env_build_alias_set=
ac_cv_env_build_alias_value=
ac_cv_env_host_alias_set=
ac_cv_env_host_alias_value=
ac_cv_env_target_alias_set=
ac_cv_env_target_alias_value=
ac_cv_header_fcntl_h=yes
ac_cv_header_inttypes_h=yes
ac_cv_header_memory_h=yes
ac_cv_header_stdc=yes
ac_cv_header_stdint_h=yes
ac_cv_header_stdlib_h=yes
ac_cv_header_string_h=yes
ac_cv_header_strings_h=yes
ac_cv_header_sys_ioctl_h=yes
ac_cv_header_sys_stat_h=yes
ac_cv_header_sys_types_h=yes
ac_cv_header_unistd_h=yes
ac_cv_objext=o
ac_cv_path_EGREP='/usr/bin/grep -E'
ac_cv_path_GREP=/usr/bin/grep
ac_cv_path_install='/usr/bin/install -c'
ac_cv_path_mkdir=/usr/bin/mkdir
ac_cv_prog_AWK=mawk
ac_cv_prog_CPP='gcc -E'
ac_cv_prog_ac_ct_CC=gcc
ac_cv_prog_cc_c89=
ac_cv_prog_cc_g=yes
ac_cv_prog_gcc_traditional=no
ac_cv_prog_make_make_set=yes
ac_cv_type_off_t=yes
ac_cv_type_pid_t=yes
ac_cv_type_size_t=yes
am_cv_CC_dependencies_compiler_type=gcc3
am_cv_make_support_nested_variables=yes
am_cv_prog_cc_c_o=yes

## ----------------- ##
## Output variables. ##
## ----------------- ##

ACLOCAL='${SHELL} /root/winson/ixpio/missing aclocal-1.16'
AMDEPBACKSLASH='\'
AMDEP_FALSE='#'
AMDEP_TRUE=''
AMTAR='$${TAR-tar}'
AM_BACKSLASH='\'
AM_DEFAULT_V='$(AM_DEFAULT_VERBOSITY)'
AM_DEFAULT_VERBOSITY='1'
AM_V='$(V)'
AUTOCONF='${SHELL} /root/winson/ixpio/missing autoconf'
AUTOHEADER='${SHELL} /root/winson/ixpio/missing autoheader'
AUTOMAKE='${SHELL} /root/winson/ixpio/missing automake-1.16'
AWK='mawk'
BITS_FALSE='#'
BITS_TRUE=''
CC='gcc'
CCDEPMODE='depmode=gcc3'
CFLAGS='-g -O2'
CPP='gcc -E'
CPPFLAGS=''
CYGPATH_W='echo'
DEFS='-DPACKAGE_NAME=\"ixpio\" -DPACKAGE_TARNAME=\"ixpio\" -DPACKAGE_VERSION=\"0.23.7\" -DPACKAGE_STRING=\"ixpio\ 0.23.7\" -DPACKAGE_BUGREPORT=\"\" -DPACKAGE_URL=\"\" -DPACKAGE=\"ixpio\" -DVERSION=\"0.23.7\" -DSTDC_HEADERS=1 -DHAVE_SYS_TYPES_H=1 -DHAVE_SYS_STAT_H=1 -DHAVE_STDLIB_H=1 -DHAVE_STRING_H=1 -DHAVE_MEMORY_H=1 -DHAVE_STRINGS_H=1 -DHAVE_INTTYPES_H=1 -DHAVE_STDINT_H=1 -DHAVE_UNISTD_H=1 -DHAVE_FCNTL_H=1 -DHAVE_SYS_IOCTL_H=1 -DHAVE_UNISTD_H=1 -D_GNU_SOURCE=1'
DEPDIR='.deps'
ECHO_C=''
ECHO_N='-n'
ECHO_T=''
EGREP='/usr/bin/grep -E'
EXEEXT=''
GREP='/usr/bin/grep'
INSTALL_DATA='${INSTALL} -m 644'
INSTALL_PROGRAM='${INSTALL}'
INSTALL_SCRIPT='${INSTALL}'
INSTALL_STRIP_PROGRAM='$(install_sh) -c -s'
LDFLAGS=''
LIBOBJS=''
LIBS=''
LTLIBOBJS=''
MAKEINFO='${SHELL} /root/winson/ixpio/missing makeinfo'
MKDIR_P='/usr/bin/mkdir -p'
OBJEXT='o'
PACKAGE='ixpio'
PACKAGE_BUGREPORT=''
PACKAGE_NAME='ixpio'
PACKAGE_STRING='ixpio 0.23.7'
PACKAGE_TARNAME='ixpio'
PACKAGE_URL=''
PACKAGE_VERSION='0.23.7'
PATH_SEPARATOR=':'
SET_MAKE=''
SHELL='/bin/bash'
STRIP=''
VERSION='0.23.7'
ac_ct_CC='gcc'
am__EXEEXT_FALSE=''
am__EXEEXT_TRUE='#'
am__fastdepCC_FALSE='#'
am__fastdepCC_TRUE=''
am__include='include'
am__isrc=''
am__leading_dot='.'
am__nodep='_no'
am__quote=''
am__tar='$${TAR-tar} chof - "$$tardir"'
am__untar='$${TAR-tar} xf -'
bindir='${exec_prefix}/bin'
build_alias=''
datadir='${datarootdir}'
datarootdir='${prefix}/share'
docdir='${datarootdir}/doc/${PACKAGE_TARNAME}'
dvidir='${docdir}'
exec_prefix='${prefix}'
host_alias=''
htmldir='${docdir}'
includedir='${prefix}/include'
infodir='${datarootdir}/info'
install_sh='${SHELL} /root/winson/ixpio/install-sh'
kerneldir='/lib/modules/6.8.0/build'
kmoddir='/lib/modules/6.8.0/misc'
libdir='${exec_prefix}/lib'
libexecdir='${exec_prefix}/libexec'
localedir='${datarootdir}/locale'
localstatedir='${prefix}/var'
mandir='${datarootdir}/man'
mkdir_p='$(MKDIR_P)'
oldincludedir='/usr/include'
pdfdir='${docdir}'
prefix='/usr/local'
program_transform_name='s,x,x,'
psdir='${docdir}'
runstatedir='${localstatedir}/run'
sbindir='${exec_prefix}/sbin'
sharedstatedir='${prefix}/com'
sysconfdir='${prefix}/etc'
target_alias=''

## ------------------- ##
## File substitutions. ##
## ------------------- ##

Makefile_conf='Makefile.conf'

## ----------- ##
## confdefs.h. ##
## ----------- ##

/* confdefs.h */
#define PACKAGE_NAME "ixpio"
#define PACKAGE_TARNAME "ixpio"
#define PACKAGE_VERSION "0.23.7"
#define PACKAGE_STRING "ixpio 0.23.7"
#define PACKAGE_BUGREPORT ""
#define PACKAGE_URL ""
#define PACKAGE "ixpio"
#define VERSION "0.23.7"
#define STDC_HEADERS 1
#define HAVE_SYS_TYPES_H 1
#define HAVE_SYS_STAT_H 1
#define HAVE_STDLIB_H 1
#define HAVE_STRING_H 1
#define HAVE_MEMORY_H 1
#define HAVE_STRINGS_H 1
#define HAVE_INTTYPES_H 1
#define HAVE_STDINT_H 1
#define HAVE_UNISTD_H 1
#define HAVE_FCNTL_H 1
#define HAVE_SYS_IOCTL_H 1
#define HAVE_UNISTD_H 1
#define _GNU_SOURCE 1

configure: exit 0
